<?xml version="1.0" encoding="UTF-8" standalone="no"?>
<testsuite errors="0" failures="0" name="io.cucumber.core.plugin.JUnitFormatter" skipped="0" tests="3" time="50.06">
<testcase classname="Test login functionality" name="Check login" time="20.198">
<system-out><![CDATA[Given User is in the login page.............................................passed
When User enters the Harun and 12345........................................passed
And User clicks enter.......................................................passed
Then User is in the Homepage................................................passed
]]></system-out>
</testcase>
<testcase classname="Test login functionality" name="Check login 2" time="12.508">
<system-out><![CDATA[Given User is in the login page.............................................passed
When User enters the jack and 12345.........................................passed
And User clicks enter.......................................................passed
Then User is in the Homepage................................................passed
]]></system-out>
</testcase>
<testcase classname="Test login functionality" name="Check login 3" time="16.476">
<system-out><![CDATA[Given User is in the login page.............................................passed
When User enters the Rose and 12345.........................................passed
And User clicks enter.......................................................passed
Then User is in the Homepage................................................passed
]]></system-out>
</testcase>
</testsuite>
